# JRE version: OpenJDK Runtime Environment (8.0_242-b01) (build 1.8.0_242-release-1644-b01)
# Java VM: OpenJDK 64-Bit Server VM (25.242-b01 mixed mode windows-amd64 compressed oops)
Heap:
 PSYoungGen      total 631296K, used 40679K [0x00000000d5580000, 0x00000000ffa80000, 0x0000000100000000)
  eden space 574464K, 4% used [0x00000000d5580000,0x00000000d6f21330,0x00000000f8680000)
  from space 56832K, 25% used [0x00000000f8680000,0x00000000f9498940,0x00000000fbe00000)
  to   space 54272K, 0% used [0x00000000fc580000,0x00000000fc580000,0x00000000ffa80000)
 ParOldGen       total 765440K, used 687829K [0x0000000080000000, 0x00000000aeb80000, 0x00000000d5580000)
  object space 765440K, 89% used [0x0000000080000000,0x00000000a9fb5458,0x00000000aeb80000)
 Metaspace       used 253313K, capacity 270770K, committed 270888K, reserved 1284096K
  class space    used 32297K, capacity 35508K, committed 35624K, reserved 1048576K
GC Heap History (10 events):
Event: 4153.891 GC heap before
{Heap before GC invocations=114 (full 7):
 PSYoungGen      total 626688K, used 576244K [0x00000000d5580000, 0x00000000ff980000, 0x0000000100000000)
  eden space 558592K, 100% used [0x00000000d5580000,0x00000000f7700000,0x00000000f7700000)
  from space 68096K, 25% used [0x00000000fb700000,0x00000000fc83d228,0x00000000ff980000)
  to   space 65536K, 0% used [0x00000000f7700000,0x00000000f7700000,0x00000000fb700000)
 ParOldGen       total 765440K, used 629438K [0x0000000080000000, 0x00000000aeb80000, 0x00000000d5580000)
  object space 765440K, 82% used [0x0000000080000000,0x00000000a66afa30,0x00000000aeb80000)
 Metaspace       used 253186K, capacity 270634K, committed 270888K, reserved 1284096K
  class space    used 32293K, capacity 35506K, committed 35624K, reserved 1048576K
Event: 4153.937 GC heap after
Heap after GC invocations=114 (full 7):
 PSYoungGen      total 624128K, used 7905K [0x00000000d5580000, 0x00000000ffb80000, 0x0000000100000000)
  eden space 558592K, 0% used [0x00000000d5580000,0x00000000d5580000,0x00000000f7700000)
  from space 65536K, 12% used [0x00000000f7700000,0x00000000f7eb84a0,0x00000000fb700000)
  to   space 64512K, 0% used [0x00000000fbc80000,0x00000000fbc80000,0x00000000ffb80000)
 ParOldGen       total 765440K, used 644930K [0x0000000080000000, 0x00000000aeb80000, 0x00000000d5580000)
  object space 765440K, 84% used [0x0000000080000000,0x00000000a75d08d0,0x00000000aeb80000)
 Metaspace       used 253186K, capacity 270634K, committed 270888K, reserved 1284096K
  class space    used 32293K, capacity 35506K, committed 35624K, reserved 1048576K
}
Event: 4155.357 GC heap before
{Heap before GC invocations=115 (full 7):
 PSYoungGen      total 624128K, used 566497K [0x00000000d5580000, 0x00000000ffb80000, 0x0000000100000000)
  eden space 558592K, 100% used [0x00000000d5580000,0x00000000f7700000,0x00000000f7700000)
  from space 65536K, 12% used [0x00000000f7700000,0x00000000f7eb84a0,0x00000000fb700000)
  to   space 64512K, 0% used [0x00000000fbc80000,0x00000000fbc80000,0x00000000ffb80000)
 ParOldGen       total 765440K, used 644930K [0x0000000080000000, 0x00000000aeb80000, 0x00000000d5580000)
  object space 765440K, 84% used [0x0000000080000000,0x00000000a75d08d0,0x00000000aeb80000)
 Metaspace       used 253264K, capacity 270700K, committed 270888K, reserved 1284096K
  class space    used 32295K, capacity 35507K, committed 35624K, reserved 1048576K
Event: 4155.389 GC heap after
Heap after GC invocations=115 (full 7):
 PSYoungGen      total 630784K, used 7938K [0x00000000d5580000, 0x00000000ffd00000, 0x0000000100000000)
  eden space 566272K, 0% used [0x00000000d5580000,0x00000000d5580000,0x00000000f7e80000)
  from space 64512K, 12% used [0x00000000fbc80000,0x00000000fc440a70,0x00000000ffb80000)
  to   space 63488K, 0% used [0x00000000f7e80000,0x00000000f7e80000,0x00000000fbc80000)
 ParOldGen       total 765440K, used 650822K [0x0000000080000000, 0x00000000aeb80000, 0x00000000d5580000)
  object space 765440K, 85% used [0x0000000080000000,0x00000000a7b91ab0,0x00000000aeb80000)
 Metaspace       used 253264K, capacity 270700K, committed 270888K, reserved 1284096K
  class space    used 32295K, capacity 35507K, committed 35624K, reserved 1048576K
}
Event: 4156.952 GC heap before
{Heap before GC invocations=116 (full 7):
 PSYoungGen      total 630784K, used 574210K [0x00000000d5580000, 0x00000000ffd00000, 0x0000000100000000)
  eden space 566272K, 100% used [0x00000000d5580000,0x00000000f7e80000,0x00000000f7e80000)
  from space 64512K, 12% used [0x00000000fbc80000,0x00000000fc440a70,0x00000000ffb80000)
  to   space 63488K, 0% used [0x00000000f7e80000,0x00000000f7e80000,0x00000000fbc80000)
 ParOldGen       total 765440K, used 650822K [0x0000000080000000, 0x00000000aeb80000, 0x00000000d5580000)
  object space 765440K, 85% used [0x0000000080000000,0x00000000a7b91ab0,0x00000000aeb80000)
 Metaspace       used 253276K, capacity 270764K, committed 270888K, reserved 1284096K
  class space    used 32295K, capacity 35507K, committed 35624K, reserved 1048576K
Event: 4156.989 GC heap after
Heap after GC invocations=116 (full 7):
 PSYoungGen      total 629760K, used 17173K [0x00000000d5580000, 0x00000000ff900000, 0x0000000100000000)
  eden space 566272K, 0% used [0x00000000d5580000,0x00000000d5580000,0x00000000f7e80000)
  from space 63488K, 27% used [0x00000000f7e80000,0x00000000f8f45780,0x00000000fbc80000)
  to   space 60416K, 0% used [0x00000000fbe00000,0x00000000fbe00000,0x00000000ff900000)
 ParOldGen       total 765440K, used 656290K [0x0000000080000000, 0x00000000aeb80000, 0x00000000d5580000)
  object space 765440K, 85% used [0x0000000080000000,0x00000000a80e8bb0,0x00000000aeb80000)
 Metaspace       used 253276K, capacity 270764K, committed 270888K, reserved 1284096K
  class space    used 32295K, capacity 35507K, committed 35624K, reserved 1048576K
}
Event: 4158.583 GC heap before
{Heap before GC invocations=117 (full 7):
 PSYoungGen      total 629760K, used 583445K [0x00000000d5580000, 0x00000000ff900000, 0x0000000100000000)
  eden space 566272K, 100% used [0x00000000d5580000,0x00000000f7e80000,0x00000000f7e80000)
  from space 63488K, 27% used [0x00000000f7e80000,0x00000000f8f45780,0x00000000fbc80000)
  to   space 60416K, 0% used [0x00000000fbe00000,0x00000000fbe00000,0x00000000ff900000)
 ParOldGen       total 765440K, used 656290K [0x0000000080000000, 0x00000000aeb80000, 0x00000000d5580000)
  object space 765440K, 85% used [0x0000000080000000,0x00000000a80e8bb0,0x00000000aeb80000)
 Metaspace       used 253301K, capacity 270768K, committed 270888K, reserved 1284096K
  class space    used 32295K, capacity 35507K, committed 35624K, reserved 1048576K
Event: 4158.646 GC heap after
Heap after GC invocations=117 (full 7):
 PSYoungGen      total 631808K, used 20786K [0x00000000d5580000, 0x00000000ff600000, 0x0000000100000000)
  eden space 574464K, 0% used [0x00000000d5580000,0x00000000d5580000,0x00000000f8680000)
  from space 57344K, 36% used [0x00000000fbe00000,0x00000000fd24ca80,0x00000000ff600000)
  to   space 56832K, 0% used [0x00000000f8680000,0x00000000f8680000,0x00000000fbe00000)
 ParOldGen       total 765440K, used 669999K [0x0000000080000000, 0x00000000aeb80000, 0x00000000d5580000)
  object space 765440K, 87% used [0x0000000080000000,0x00000000a8e4bed0,0x00000000aeb80000)
 Metaspace       used 253301K, capacity 270768K, committed 270888K, reserved 1284096K
  class space    used 32295K, capacity 35507K, committed 35624K, reserved 1048576K
}
Event: 4160.053 GC heap before
{Heap before GC invocations=118 (full 7):
 PSYoungGen      total 631808K, used 595250K [0x00000000d5580000, 0x00000000ff600000, 0x0000000100000000)
  eden space 574464K, 100% used [0x00000000d5580000,0x00000000f8680000,0x00000000f8680000)
  from space 57344K, 36% used [0x00000000fbe00000,0x00000000fd24ca80,0x00000000ff600000)
  to   space 56832K, 0% used [0x00000000f8680000,0x00000000f8680000,0x00000000fbe00000)
 ParOldGen       total 765440K, used 669999K [0x0000000080000000, 0x00000000aeb80000, 0x00000000d5580000)
  object space 765440K, 87% used [0x0000000080000000,0x00000000a8e4bed0,0x00000000aeb80000)
 Metaspace       used 253312K, capacity 270770K, committed 270888K, reserved 1284096K
  class space    used 32297K, capacity 35508K, committed 35624K, reserved 1048576K
Event: 4160.120 GC heap after
Heap after GC invocations=118 (full 7):
 PSYoungGen      total 631296K, used 14434K [0x00000000d5580000, 0x00000000ffa80000, 0x0000000100000000)
  eden space 574464K, 0% used [0x00000000d5580000,0x00000000d5580000,0x00000000f8680000)
  from space 56832K, 25% used [0x00000000f8680000,0x00000000f9498940,0x00000000fbe00000)
  to   space 54272K, 0% used [0x00000000fc580000,0x00000000fc580000,0x00000000ffa80000)
 ParOldGen       total 765440K, used 687829K [0x0000000080000000, 0x00000000aeb80000, 0x00000000d5580000)
  object space 765440K, 89% used [0x0000000080000000,0x00000000a9fb5458,0x00000000aeb80000)
 Metaspace       used 253312K, capacity 270770K, committed 270888K, reserved 1284096K
  class space    used 32297K, capacity 35508K, committed 35624K, reserved 1048576K
}

